2024-03-19T14:51:21.967-03:00  INFO 49826 --- [restartedMain] c.b.biblioteca.BibliotecaApplication     : Starting BibliotecaApplication using Java 17.0.7 with PID 49826 (/home/joao/Residencia-TIC18/java-avancado/Aula-05/PP005/SistemaDeBiblioteca/biblioteca/target/classes started by joao in /home/joao/Residencia-TIC18/java-avancado/Aula-05/PP005/SistemaDeBiblioteca/biblioteca)
2024-03-19T14:51:21.970-03:00  INFO 49826 --- [restartedMain] c.b.biblioteca.BibliotecaApplication     : No active profile set, falling back to 1 default profile: "default"
2024-03-19T14:51:22.026-03:00  INFO 49826 --- [restartedMain] .e.DevToolsPropertyDefaultsPostProcessor : Devtools property defaults active! Set 'spring.devtools.add-properties' to 'false' to disable
2024-03-19T14:51:22.026-03:00  INFO 49826 --- [restartedMain] .e.DevToolsPropertyDefaultsPostProcessor : For additional web related logging consider setting the 'logging.level.web' property to 'DEBUG'
2024-03-19T14:51:22.740-03:00  INFO 49826 --- [restartedMain] .s.d.r.c.RepositoryConfigurationDelegate : Bootstrapping Spring Data JPA repositories in DEFAULT mode.
2024-03-19T14:51:22.793-03:00  INFO 49826 --- [restartedMain] .s.d.r.c.RepositoryConfigurationDelegate : Finished Spring Data repository scanning in 46 ms. Found 5 JPA repository interfaces.
2024-03-19T14:51:23.431-03:00  INFO 49826 --- [restartedMain] o.s.b.w.embedded.tomcat.TomcatWebServer  : Tomcat initialized with port 8080 (http)
2024-03-19T14:51:23.444-03:00  INFO 49826 --- [restartedMain] o.apache.catalina.core.StandardService   : Starting service [Tomcat]
2024-03-19T14:51:23.444-03:00  INFO 49826 --- [restartedMain] o.apache.catalina.core.StandardEngine    : Starting Servlet engine: [Apache Tomcat/10.1.19]
2024-03-19T14:51:23.494-03:00  INFO 49826 --- [restartedMain] o.a.c.c.C.[Tomcat].[localhost].[/]       : Initializing Spring embedded WebApplicationContext
2024-03-19T14:51:23.495-03:00  INFO 49826 --- [restartedMain] w.s.c.ServletWebServerApplicationContext : Root WebApplicationContext: initialization completed in 1468 ms
2024-03-19T14:51:23.631-03:00  INFO 49826 --- [restartedMain] o.hibernate.jpa.internal.util.LogHelper  : HHH000204: Processing PersistenceUnitInfo [name: default]
2024-03-19T14:51:23.676-03:00  INFO 49826 --- [restartedMain] org.hibernate.Version                    : HHH000412: Hibernate ORM core version 6.4.4.Final
2024-03-19T14:51:23.710-03:00  INFO 49826 --- [restartedMain] o.h.c.internal.RegionFactoryInitiator    : HHH000026: Second-level cache disabled
2024-03-19T14:51:23.896-03:00  INFO 49826 --- [restartedMain] o.s.o.j.p.SpringPersistenceUnitInfo      : No LoadTimeWeaver setup: ignoring JPA class transformer
2024-03-19T14:51:23.917-03:00  INFO 49826 --- [restartedMain] com.zaxxer.hikari.HikariDataSource       : HikariPool-1 - Starting...
2024-03-19T14:51:24.194-03:00  INFO 49826 --- [restartedMain] com.zaxxer.hikari.pool.HikariPool        : HikariPool-1 - Added connection org.postgresql.jdbc.PgConnection@200813e9
2024-03-19T14:51:24.196-03:00  INFO 49826 --- [restartedMain] com.zaxxer.hikari.HikariDataSource       : HikariPool-1 - Start completed.
2024-03-19T14:51:25.020-03:00  INFO 49826 --- [restartedMain] o.h.e.t.j.p.i.JtaPlatformInitiator       : HHH000489: No JTA platform available (set 'hibernate.transaction.jta.platform' to enable JTA platform integration)
2024-03-19T14:51:25.085-03:00  INFO 49826 --- [restartedMain] j.LocalContainerEntityManagerFactoryBean : Initialized JPA EntityManagerFactory for persistence unit 'default'
2024-03-19T14:51:25.682-03:00  WARN 49826 --- [restartedMain] JpaBaseConfiguration$JpaWebConfiguration : spring.jpa.open-in-view is enabled by default. Therefore, database queries may be performed during view rendering. Explicitly configure spring.jpa.open-in-view to disable this warning
2024-03-19T14:51:26.041-03:00  INFO 49826 --- [restartedMain] o.s.b.d.a.OptionalLiveReloadServer       : LiveReload server is running on port 35729
2024-03-19T14:51:26.069-03:00  INFO 49826 --- [restartedMain] o.s.b.w.embedded.tomcat.TomcatWebServer  : Tomcat started on port 8080 (http) with context path ''
2024-03-19T14:51:26.082-03:00  INFO 49826 --- [restartedMain] c.b.biblioteca.BibliotecaApplication     : Started BibliotecaApplication in 4.478 seconds (process running for 4.899)
2024-03-19T14:51:26.086-03:00  INFO 49826 --- [restartedMain] c.b.biblioteca.BibliotecaApplication     : Appication started...
2024-03-19T15:00:37.798-03:00  INFO 49826 --- [SpringApplicationShutdownHook] j.LocalContainerEntityManagerFactoryBean : Closing JPA EntityManagerFactory for persistence unit 'default'
2024-03-19T15:00:37.803-03:00  INFO 49826 --- [SpringApplicationShutdownHook] com.zaxxer.hikari.HikariDataSource       : HikariPool-1 - Shutdown initiated...
2024-03-19T15:00:37.814-03:00  INFO 49826 --- [SpringApplicationShutdownHook] com.zaxxer.hikari.HikariDataSource       : HikariPool-1 - Shutdown completed.
2024-03-19T15:00:40.728-03:00  INFO 50639 --- [restartedMain] c.b.biblioteca.BibliotecaApplication     : Starting BibliotecaApplication using Java 17.0.7 with PID 50639 (/home/joao/Residencia-TIC18/java-avancado/Aula-05/PP005/SistemaDeBiblioteca/biblioteca/target/classes started by joao in /home/joao/Residencia-TIC18/java-avancado/Aula-05/PP005/SistemaDeBiblioteca/biblioteca)
2024-03-19T15:00:40.730-03:00  INFO 50639 --- [restartedMain] c.b.biblioteca.BibliotecaApplication     : No active profile set, falling back to 1 default profile: "default"
2024-03-19T15:00:40.779-03:00  INFO 50639 --- [restartedMain] .e.DevToolsPropertyDefaultsPostProcessor : Devtools property defaults active! Set 'spring.devtools.add-properties' to 'false' to disable
2024-03-19T15:00:40.780-03:00  INFO 50639 --- [restartedMain] .e.DevToolsPropertyDefaultsPostProcessor : For additional web related logging consider setting the 'logging.level.web' property to 'DEBUG'
2024-03-19T15:00:41.440-03:00  INFO 50639 --- [restartedMain] .s.d.r.c.RepositoryConfigurationDelegate : Bootstrapping Spring Data JPA repositories in DEFAULT mode.
2024-03-19T15:00:41.498-03:00  INFO 50639 --- [restartedMain] .s.d.r.c.RepositoryConfigurationDelegate : Finished Spring Data repository scanning in 50 ms. Found 5 JPA repository interfaces.
2024-03-19T15:00:42.017-03:00  INFO 50639 --- [restartedMain] o.s.b.w.embedded.tomcat.TomcatWebServer  : Tomcat initialized with port 8080 (http)
2024-03-19T15:00:42.030-03:00  INFO 50639 --- [restartedMain] o.apache.catalina.core.StandardService   : Starting service [Tomcat]
2024-03-19T15:00:42.030-03:00  INFO 50639 --- [restartedMain] o.apache.catalina.core.StandardEngine    : Starting Servlet engine: [Apache Tomcat/10.1.19]
2024-03-19T15:00:42.087-03:00  INFO 50639 --- [restartedMain] o.a.c.c.C.[Tomcat].[localhost].[/]       : Initializing Spring embedded WebApplicationContext
2024-03-19T15:00:42.088-03:00  INFO 50639 --- [restartedMain] w.s.c.ServletWebServerApplicationContext : Root WebApplicationContext: initialization completed in 1308 ms
2024-03-19T15:00:42.251-03:00  INFO 50639 --- [restartedMain] o.hibernate.jpa.internal.util.LogHelper  : HHH000204: Processing PersistenceUnitInfo [name: default]
2024-03-19T15:00:42.306-03:00  INFO 50639 --- [restartedMain] org.hibernate.Version                    : HHH000412: Hibernate ORM core version 6.4.4.Final
2024-03-19T15:00:42.339-03:00  INFO 50639 --- [restartedMain] o.h.c.internal.RegionFactoryInitiator    : HHH000026: Second-level cache disabled
2024-03-19T15:00:42.510-03:00  INFO 50639 --- [restartedMain] o.s.o.j.p.SpringPersistenceUnitInfo      : No LoadTimeWeaver setup: ignoring JPA class transformer
2024-03-19T15:00:42.532-03:00  INFO 50639 --- [restartedMain] com.zaxxer.hikari.HikariDataSource       : HikariPool-1 - Starting...
2024-03-19T15:00:42.826-03:00  INFO 50639 --- [restartedMain] com.zaxxer.hikari.pool.HikariPool        : HikariPool-1 - Added connection org.postgresql.jdbc.PgConnection@71826def
2024-03-19T15:00:42.828-03:00  INFO 50639 --- [restartedMain] com.zaxxer.hikari.HikariDataSource       : HikariPool-1 - Start completed.
2024-03-19T15:00:43.634-03:00  INFO 50639 --- [restartedMain] o.h.e.t.j.p.i.JtaPlatformInitiator       : HHH000489: No JTA platform available (set 'hibernate.transaction.jta.platform' to enable JTA platform integration)
2024-03-19T15:00:43.703-03:00  INFO 50639 --- [restartedMain] j.LocalContainerEntityManagerFactoryBean : Initialized JPA EntityManagerFactory for persistence unit 'default'
2024-03-19T15:00:44.195-03:00  WARN 50639 --- [restartedMain] JpaBaseConfiguration$JpaWebConfiguration : spring.jpa.open-in-view is enabled by default. Therefore, database queries may be performed during view rendering. Explicitly configure spring.jpa.open-in-view to disable this warning
2024-03-19T15:00:44.538-03:00  INFO 50639 --- [restartedMain] o.s.b.d.a.OptionalLiveReloadServer       : LiveReload server is running on port 35729
2024-03-19T15:00:44.567-03:00  INFO 50639 --- [restartedMain] o.s.b.w.embedded.tomcat.TomcatWebServer  : Tomcat started on port 8080 (http) with context path ''
2024-03-19T15:00:44.579-03:00  INFO 50639 --- [restartedMain] c.b.biblioteca.BibliotecaApplication     : Started BibliotecaApplication in 4.18 seconds (process running for 4.585)
2024-03-19T15:00:44.582-03:00  INFO 50639 --- [restartedMain] c.b.biblioteca.BibliotecaApplication     : Appication started...
2024-03-19T15:01:38.975-03:00  INFO 50639 --- [http-nio-8080-exec-2] o.a.c.c.C.[Tomcat].[localhost].[/]       : Initializing Spring DispatcherServlet 'dispatcherServlet'
2024-03-19T15:01:38.976-03:00  INFO 50639 --- [http-nio-8080-exec-2] o.s.web.servlet.DispatcherServlet        : Initializing Servlet 'dispatcherServlet'
2024-03-19T15:01:38.978-03:00  INFO 50639 --- [http-nio-8080-exec-2] o.s.web.servlet.DispatcherServlet        : Completed initialization in 2 ms
2024-03-19T15:01:39.001-03:00  INFO 50639 --- [http-nio-8080-exec-2] c.b.b.controller.ControllerAutor         : Todos autores pesquisados
2024-03-19T15:02:48.146-03:00  INFO 50639 --- [http-nio-8080-exec-10] c.b.b.controller.ControllerAutor         : Autor [id=1, nome=Machado de Assis] criado
2024-03-19T15:03:02.610-03:00  INFO 50639 --- [http-nio-8080-exec-1] c.b.b.controller.ControllerAutor         : Todos autores pesquisados
2024-03-19T15:03:05.270-03:00  INFO 50639 --- [http-nio-8080-exec-2] c.b.b.controller.ControllerAutor         : Autor [id=1, nome=Machado de Assis] pesquisado
2024-03-19T15:07:47.186-03:00  INFO 50639 --- [SpringApplicationShutdownHook] j.LocalContainerEntityManagerFactoryBean : Closing JPA EntityManagerFactory for persistence unit 'default'
2024-03-19T15:07:47.188-03:00  INFO 50639 --- [SpringApplicationShutdownHook] com.zaxxer.hikari.HikariDataSource       : HikariPool-1 - Shutdown initiated...
2024-03-19T15:07:47.195-03:00  INFO 50639 --- [SpringApplicationShutdownHook] com.zaxxer.hikari.HikariDataSource       : HikariPool-1 - Shutdown completed.
2024-03-19T15:09:26.291-03:00  INFO 51649 --- [restartedMain] c.b.biblioteca.BibliotecaApplication     : Starting BibliotecaApplication using Java 17.0.7 with PID 51649 (/home/joao/Residencia-TIC18/java-avancado/Aula-05/PP005/SistemaDeBiblioteca/biblioteca/target/classes started by joao in /home/joao/Residencia-TIC18/java-avancado/Aula-05/PP005/SistemaDeBiblioteca/biblioteca)
2024-03-19T15:09:26.293-03:00  INFO 51649 --- [restartedMain] c.b.biblioteca.BibliotecaApplication     : No active profile set, falling back to 1 default profile: "default"
2024-03-19T15:09:26.345-03:00  INFO 51649 --- [restartedMain] .e.DevToolsPropertyDefaultsPostProcessor : Devtools property defaults active! Set 'spring.devtools.add-properties' to 'false' to disable
2024-03-19T15:09:26.345-03:00  INFO 51649 --- [restartedMain] .e.DevToolsPropertyDefaultsPostProcessor : For additional web related logging consider setting the 'logging.level.web' property to 'DEBUG'
2024-03-19T15:09:27.059-03:00  INFO 51649 --- [restartedMain] .s.d.r.c.RepositoryConfigurationDelegate : Bootstrapping Spring Data JPA repositories in DEFAULT mode.
2024-03-19T15:09:27.124-03:00  INFO 51649 --- [restartedMain] .s.d.r.c.RepositoryConfigurationDelegate : Finished Spring Data repository scanning in 55 ms. Found 5 JPA repository interfaces.
2024-03-19T15:09:27.702-03:00  INFO 51649 --- [restartedMain] o.s.b.w.embedded.tomcat.TomcatWebServer  : Tomcat initialized with port 8080 (http)
2024-03-19T15:09:27.715-03:00  INFO 51649 --- [restartedMain] o.apache.catalina.core.StandardService   : Starting service [Tomcat]
2024-03-19T15:09:27.716-03:00  INFO 51649 --- [restartedMain] o.apache.catalina.core.StandardEngine    : Starting Servlet engine: [Apache Tomcat/10.1.19]
2024-03-19T15:09:27.767-03:00  INFO 51649 --- [restartedMain] o.a.c.c.C.[Tomcat].[localhost].[/]       : Initializing Spring embedded WebApplicationContext
2024-03-19T15:09:27.767-03:00  INFO 51649 --- [restartedMain] w.s.c.ServletWebServerApplicationContext : Root WebApplicationContext: initialization completed in 1421 ms
2024-03-19T15:09:27.896-03:00  INFO 51649 --- [restartedMain] o.hibernate.jpa.internal.util.LogHelper  : HHH000204: Processing PersistenceUnitInfo [name: default]
2024-03-19T15:09:27.940-03:00  INFO 51649 --- [restartedMain] org.hibernate.Version                    : HHH000412: Hibernate ORM core version 6.4.4.Final
2024-03-19T15:09:27.971-03:00  INFO 51649 --- [restartedMain] o.h.c.internal.RegionFactoryInitiator    : HHH000026: Second-level cache disabled
2024-03-19T15:09:28.122-03:00  INFO 51649 --- [restartedMain] o.s.o.j.p.SpringPersistenceUnitInfo      : No LoadTimeWeaver setup: ignoring JPA class transformer
2024-03-19T15:09:28.143-03:00  INFO 51649 --- [restartedMain] com.zaxxer.hikari.HikariDataSource       : HikariPool-1 - Starting...
2024-03-19T15:09:28.422-03:00  INFO 51649 --- [restartedMain] com.zaxxer.hikari.pool.HikariPool        : HikariPool-1 - Added connection org.postgresql.jdbc.PgConnection@205a96fe
2024-03-19T15:09:28.424-03:00  INFO 51649 --- [restartedMain] com.zaxxer.hikari.HikariDataSource       : HikariPool-1 - Start completed.
2024-03-19T15:09:29.273-03:00  INFO 51649 --- [restartedMain] o.h.e.t.j.p.i.JtaPlatformInitiator       : HHH000489: No JTA platform available (set 'hibernate.transaction.jta.platform' to enable JTA platform integration)
2024-03-19T15:09:29.348-03:00  INFO 51649 --- [restartedMain] j.LocalContainerEntityManagerFactoryBean : Initialized JPA EntityManagerFactory for persistence unit 'default'
2024-03-19T15:09:29.857-03:00  WARN 51649 --- [restartedMain] JpaBaseConfiguration$JpaWebConfiguration : spring.jpa.open-in-view is enabled by default. Therefore, database queries may be performed during view rendering. Explicitly configure spring.jpa.open-in-view to disable this warning
2024-03-19T15:09:30.184-03:00  INFO 51649 --- [restartedMain] o.s.b.d.a.OptionalLiveReloadServer       : LiveReload server is running on port 35729
2024-03-19T15:09:30.216-03:00  INFO 51649 --- [restartedMain] o.s.b.w.embedded.tomcat.TomcatWebServer  : Tomcat started on port 8080 (http) with context path ''
2024-03-19T15:09:30.231-03:00  INFO 51649 --- [restartedMain] c.b.biblioteca.BibliotecaApplication     : Started BibliotecaApplication in 4.26 seconds (process running for 4.637)
2024-03-19T15:09:30.236-03:00  INFO 51649 --- [restartedMain] c.b.biblioteca.BibliotecaApplication     : Appication started...
2024-03-19T15:10:08.123-03:00  INFO 51649 --- [http-nio-8080-exec-2] o.a.c.c.C.[Tomcat].[localhost].[/]       : Initializing Spring DispatcherServlet 'dispatcherServlet'
2024-03-19T15:10:08.123-03:00  INFO 51649 --- [http-nio-8080-exec-2] o.s.web.servlet.DispatcherServlet        : Initializing Servlet 'dispatcherServlet'
2024-03-19T15:10:08.124-03:00  INFO 51649 --- [http-nio-8080-exec-2] o.s.web.servlet.DispatcherServlet        : Completed initialization in 1 ms
2024-03-19T15:10:08.146-03:00  INFO 51649 --- [http-nio-8080-exec-2] c.b.b.controller.ControllerAutor         : Todos autores pesquisados
2024-03-19T15:10:19.905-03:00  INFO 51649 --- [http-nio-8080-exec-3] c.b.b.controller.ControllerAutor         : Autor [id=1, nome=Machado de Assis] pesquisado
2024-03-19T15:10:21.802-03:00 ERROR 51649 --- [http-nio-8080-exec-4] c.b.b.controller.ControllerAutor         : Erro ao buscar autor: Unable to find com.biblioteca.biblioteca.model.Autor with id 2
2024-03-19T15:10:48.505-03:00  INFO 51649 --- [http-nio-8080-exec-6] c.b.b.controller.ControllerAutor         : Autor [id=2, nome=Clarice Lispector] criado
2024-03-19T15:11:10.392-03:00 ERROR 51649 --- [http-nio-8080-exec-7] c.b.b.controller.ControllerAutor         : Erro ao atualizar autor: Unable to find com.biblioteca.biblioteca.model.Autor with id 3
2024-03-19T15:11:27.706-03:00  INFO 51649 --- [http-nio-8080-exec-9] c.b.b.controller.ControllerAutor         : Autor antes da atualização: Autor [id=2, nome=Carlos Drummond de Andrade] | Autor atualizado: Autor [id=2, nome=Carlos Drummond de Andrade]
2024-03-19T15:11:46.628-03:00  INFO 51649 --- [http-nio-8080-exec-10] c.b.b.controller.ControllerAutor         : Autor [id=2, nome=Carlos Drummond de Andrade] excluido
