2024-04-30T10:24:07.585-03:00  INFO 76420 --- [testcontainers-lifecycle-0] o.t.d.DockerClientProviderStrategy       : Loaded org.testcontainers.dockerclient.UnixSocketClientProviderStrategy from ~/.testcontainers.properties, will try it first
2024-04-30T10:24:08.045-03:00  INFO 76420 --- [testcontainers-lifecycle-0] o.t.d.DockerClientProviderStrategy       : Found Docker environment with local Unix socket (unix:///var/run/docker.sock)
2024-04-30T10:24:08.047-03:00  INFO 76420 --- [testcontainers-lifecycle-0] org.testcontainers.DockerClientFactory   : Docker host IP address is localhost
2024-04-30T10:24:08.066-03:00  INFO 76420 --- [testcontainers-lifecycle-0] org.testcontainers.DockerClientFactory   : Connected to docker: 
  Server Version: 24.0.5
  API Version: 1.43
  Operating System: Ubuntu 22.04.4 LTS
  Total Memory: 15694 MB
2024-04-30T10:24:08.088-03:00  INFO 76420 --- [testcontainers-lifecycle-0] tc.testcontainers/ryuk:0.6.0             : Creating container for image: testcontainers/ryuk:0.6.0
2024-04-30T10:24:08.094-03:00  INFO 76420 --- [testcontainers-lifecycle-0] o.t.utility.RegistryAuthLocator          : Failure when attempting to lookup auth config. Please ignore if you don't have images in an authenticated registry. Details: (dockerImageName: testcontainers/ryuk:0.6.0, configFile: /home/joao/.docker/config.json, configEnv: DOCKER_AUTH_CONFIG). Falling back to docker-java default behaviour. Exception message: Status 404: No config supplied. Checked in order: /home/joao/.docker/config.json (file not found), DOCKER_AUTH_CONFIG (not set)
2024-04-30T10:24:08.204-03:00  INFO 76420 --- [testcontainers-lifecycle-0] tc.testcontainers/ryuk:0.6.0             : Container testcontainers/ryuk:0.6.0 is starting: f0d14b67bd1195e285697cf34cdc6adf520ffb453811a667e39b5cc310f1b993
2024-04-30T10:24:08.620-03:00  INFO 76420 --- [testcontainers-lifecycle-0] tc.testcontainers/ryuk:0.6.0             : Container testcontainers/ryuk:0.6.0 started in PT0.532338562S
2024-04-30T10:24:08.625-03:00  INFO 76420 --- [testcontainers-lifecycle-0] o.t.utility.RyukResourceReaper           : Ryuk started - will monitor and terminate Testcontainers containers on JVM exit
2024-04-30T10:24:08.625-03:00  INFO 76420 --- [testcontainers-lifecycle-0] org.testcontainers.DockerClientFactory   : Checking the system...
2024-04-30T10:24:08.626-03:00  INFO 76420 --- [testcontainers-lifecycle-0] org.testcontainers.DockerClientFactory   : ✔︎ Docker server version should be at least 1.6.0
2024-04-30T10:24:08.628-03:00  INFO 76420 --- [testcontainers-lifecycle-0] tc.mysql:8.0.28                          : Creating container for image: mysql:8.0.28
2024-04-30T10:24:08.660-03:00  INFO 76420 --- [testcontainers-lifecycle-0] tc.mysql:8.0.28                          : Container mysql:8.0.28 is starting: 0c261e41f3b192cbb48c1239be79439957d82fc9d8e7010da339ddaf087e95ac
2024-04-30T10:24:09.049-03:00  INFO 76420 --- [testcontainers-lifecycle-0] tc.mysql:8.0.28                          : Waiting for database connection to become available at jdbc:mysql://localhost:32881/test using query 'SELECT 1'
2024-04-30T10:24:19.136-03:00  INFO 76420 --- [testcontainers-lifecycle-0] tc.mysql:8.0.28                          : Container mysql:8.0.28 started in PT10.507478707S
2024-04-30T10:24:19.136-03:00  INFO 76420 --- [testcontainers-lifecycle-0] tc.mysql:8.0.28                          : Container is started (JDBC URL: jdbc:mysql://localhost:32881/test)
2024-04-30T10:24:19.138-03:00  INFO 76420 --- [main] V.a.i.c.TestIntegrationControllerPatient : Starting TestIntegrationControllerPatient using Java 17.0.9 with PID 76420 (started by joao in /home/joao/residencia18/java-avancado/Aula-15/Project-Voll/Voll.med)
2024-04-30T10:24:19.139-03:00  INFO 76420 --- [main] V.a.i.c.TestIntegrationControllerPatient : The following 1 profile is active: "test"
2024-04-30T10:24:20.116-03:00  INFO 76420 --- [main] .s.d.r.c.RepositoryConfigurationDelegate : Bootstrapping Spring Data JPA repositories in DEFAULT mode.
2024-04-30T10:24:20.200-03:00  INFO 76420 --- [main] .s.d.r.c.RepositoryConfigurationDelegate : Finished Spring Data repository scanning in 76 ms. Found 4 JPA repository interfaces.
2024-04-30T10:24:21.013-03:00  INFO 76420 --- [main] o.s.b.w.embedded.tomcat.TomcatWebServer  : Tomcat initialized with port 8081 (http)
2024-04-30T10:24:21.026-03:00  INFO 76420 --- [main] o.apache.catalina.core.StandardService   : Starting service [Tomcat]
2024-04-30T10:24:21.027-03:00  INFO 76420 --- [main] o.apache.catalina.core.StandardEngine    : Starting Servlet engine: [Apache Tomcat/10.1.19]
2024-04-30T10:24:21.106-03:00  INFO 76420 --- [main] o.a.c.c.C.[Tomcat].[localhost].[/]       : Initializing Spring embedded WebApplicationContext
2024-04-30T10:24:21.107-03:00  INFO 76420 --- [main] w.s.c.ServletWebServerApplicationContext : Root WebApplicationContext: initialization completed in 1949 ms
2024-04-30T10:24:21.247-03:00  INFO 76420 --- [main] com.zaxxer.hikari.HikariDataSource       : HikariPool-1 - Starting...
2024-04-30T10:24:21.452-03:00  INFO 76420 --- [main] com.zaxxer.hikari.pool.HikariPool        : HikariPool-1 - Added connection com.mysql.cj.jdbc.ConnectionImpl@23f27434
2024-04-30T10:24:21.455-03:00  INFO 76420 --- [main] com.zaxxer.hikari.HikariDataSource       : HikariPool-1 - Start completed.
2024-04-30T10:24:21.553-03:00  INFO 76420 --- [main] o.f.c.internal.license.VersionPrinter    : Flyway Community Edition 9.22.3 by Redgate
2024-04-30T10:24:21.553-03:00  INFO 76420 --- [main] o.f.c.internal.license.VersionPrinter    : See release notes here: https://rd.gt/416ObMi
2024-04-30T10:24:21.553-03:00  INFO 76420 --- [main] o.f.c.internal.license.VersionPrinter    : 
2024-04-30T10:24:21.581-03:00  INFO 76420 --- [main] org.flywaydb.core.FlywayExecutor         : Database: jdbc:mysql://localhost:32881/test (MySQL 8.0)
2024-04-30T10:24:21.639-03:00  INFO 76420 --- [main] o.f.c.i.s.JdbcTableSchemaHistory         : Schema history table `test`.`flyway_schema_history` does not exist yet
2024-04-30T10:24:21.645-03:00  INFO 76420 --- [main] o.f.core.internal.command.DbValidate     : Successfully validated 8 migrations (execution time 00:00.031s)
2024-04-30T10:24:21.693-03:00  INFO 76420 --- [main] o.f.c.i.s.JdbcTableSchemaHistory         : Creating Schema History table `test`.`flyway_schema_history` ...
2024-04-30T10:24:21.814-03:00  INFO 76420 --- [main] o.f.core.internal.command.DbMigrate      : Current version of schema `test`: << Empty Schema >>
2024-04-30T10:24:21.823-03:00  INFO 76420 --- [main] o.f.core.internal.command.DbMigrate      : Migrating schema `test` to version "1 - create-table-doctors"
2024-04-30T10:24:21.901-03:00  INFO 76420 --- [main] o.f.core.internal.command.DbMigrate      : Migrating schema `test` to version "2 - alter-table-doctors-add-column-phone-number"
2024-04-30T10:24:21.961-03:00  INFO 76420 --- [main] o.f.core.internal.command.DbMigrate      : Migrating schema `test` to version "3 - alter-table-doctors-add-column-activated"
2024-04-30T10:24:22.041-03:00  INFO 76420 --- [main] o.f.core.internal.command.DbMigrate      : Migrating schema `test` to version "4 - create-table-patients"
2024-04-30T10:24:22.081-03:00  INFO 76420 --- [main] o.f.core.internal.command.DbMigrate      : Migrating schema `test` to version "5 - alter-table-patients-add-column-activated"
2024-04-30T10:24:22.129-03:00  INFO 76420 --- [main] o.f.core.internal.command.DbMigrate      : Migrating schema `test` to version "6 - create-table-users"
2024-04-30T10:24:22.176-03:00  INFO 76420 --- [main] o.f.core.internal.command.DbMigrate      : Migrating schema `test` to version "7 - create-table-appointments"
2024-04-30T10:24:22.222-03:00  INFO 76420 --- [main] o.f.core.internal.command.DbMigrate      : Migrating schema `test` to version "8 - alter-table-appointments-add-column-reason-cancel"
2024-04-30T10:24:22.261-03:00  INFO 76420 --- [main] o.f.core.internal.command.DbMigrate      : Successfully applied 8 migrations to schema `test`, now at version v8 (execution time 00:00.226s)
2024-04-30T10:24:22.372-03:00  INFO 76420 --- [main] o.hibernate.jpa.internal.util.LogHelper  : HHH000204: Processing PersistenceUnitInfo [name: default]
2024-04-30T10:24:22.433-03:00  INFO 76420 --- [main] org.hibernate.Version                    : HHH000412: Hibernate ORM core version 6.4.4.Final
2024-04-30T10:24:22.469-03:00  INFO 76420 --- [main] o.h.c.internal.RegionFactoryInitiator    : HHH000026: Second-level cache disabled
2024-04-30T10:24:22.743-03:00  INFO 76420 --- [main] o.s.o.j.p.SpringPersistenceUnitInfo      : No LoadTimeWeaver setup: ignoring JPA class transformer
2024-04-30T10:24:22.808-03:00  WARN 76420 --- [main] org.hibernate.orm.deprecation            : HHH90000025: MySQL8Dialect does not need to be specified explicitly using 'hibernate.dialect' (remove the property setting and it will be selected by default)
2024-04-30T10:24:22.809-03:00  WARN 76420 --- [main] org.hibernate.orm.deprecation            : HHH90000026: MySQL8Dialect has been deprecated; use org.hibernate.dialect.MySQLDialect instead
2024-04-30T10:24:23.932-03:00  INFO 76420 --- [main] o.h.e.t.j.p.i.JtaPlatformInitiator       : HHH000489: No JTA platform available (set 'hibernate.transaction.jta.platform' to enable JTA platform integration)
2024-04-30T10:24:24.264-03:00  INFO 76420 --- [main] j.LocalContainerEntityManagerFactoryBean : Initialized JPA EntityManagerFactory for persistence unit 'default'
2024-04-30T10:24:24.735-03:00  INFO 76420 --- [main] o.s.d.j.r.query.QueryEnhancerFactory     : Hibernate is in classpath; If applicable, HQL parser will be used.
2024-04-30T10:24:25.981-03:00  WARN 76420 --- [main] JpaBaseConfiguration$JpaWebConfiguration : spring.jpa.open-in-view is enabled by default. Therefore, database queries may be performed during view rendering. Explicitly configure spring.jpa.open-in-view to disable this warning
2024-04-30T10:24:27.134-03:00  INFO 76420 --- [main] o.s.s.web.DefaultSecurityFilterChain     : Will secure any request with [org.springframework.security.web.session.DisableEncodeUrlFilter@6d5f8cef, org.springframework.security.web.context.request.async.WebAsyncManagerIntegrationFilter@77afcbe1, org.springframework.security.web.context.SecurityContextHolderFilter@14605d0d, org.springframework.security.web.header.HeaderWriterFilter@5fc7c9af, org.springframework.web.filter.CorsFilter@79026b61, org.springframework.security.web.authentication.logout.LogoutFilter@6cee43d8, br.com.cepedi.Voll.api.security.infra.SecurityFilter@3a235a93, org.springframework.security.web.savedrequest.RequestCacheAwareFilter@71d4528b, org.springframework.security.web.servletapi.SecurityContextHolderAwareRequestFilter@48c10d3, org.springframework.security.web.authentication.AnonymousAuthenticationFilter@25b506b7, org.springframework.security.web.session.SessionManagementFilter@258184e7, org.springframework.security.web.access.ExceptionTranslationFilter@df1d05b, org.springframework.security.web.access.intercept.AuthorizationFilter@6eae9895]
2024-04-30T10:24:27.564-03:00  INFO 76420 --- [main] o.s.b.w.embedded.tomcat.TomcatWebServer  : Tomcat started on port 8081 (http) with context path ''
2024-04-30T10:24:27.577-03:00  INFO 76420 --- [main] V.a.i.c.TestIntegrationControllerPatient : Started TestIntegrationControllerPatient in 20.557 seconds (process running for 22.768)
2024-04-30T10:24:28.722-03:00  INFO 76420 --- [http-nio-8081-exec-1] o.a.c.c.C.[Tomcat].[localhost].[/]       : Initializing Spring DispatcherServlet 'dispatcherServlet'
2024-04-30T10:24:28.723-03:00  INFO 76420 --- [http-nio-8081-exec-1] o.s.web.servlet.DispatcherServlet        : Initializing Servlet 'dispatcherServlet'
2024-04-30T10:24:28.725-03:00  INFO 76420 --- [http-nio-8081-exec-1] o.s.web.servlet.DispatcherServlet        : Completed initialization in 2 ms
2024-04-30T10:24:29.943-03:00  INFO 76420 --- [http-nio-8081-exec-2] b.c.c.V.a.c.V1.PatientControllerV1       : Registering new patient...
2024-04-30T10:24:30.005-03:00  INFO 76420 --- [http-nio-8081-exec-2] b.c.c.V.a.c.V1.PatientControllerV1       : New patient registered with ID: 1
2024-04-30T10:24:30.108-03:00  INFO 76420 --- [http-nio-8081-exec-3] b.c.c.V.a.c.V1.PatientControllerV1       : Updating patient with ID: 1
2024-04-30T10:24:30.165-03:00  INFO 76420 --- [http-nio-8081-exec-3] b.c.c.V.a.c.V1.PatientControllerV1       : Patient with ID 1 updated successfully.
2024-04-30T10:24:30.216-03:00  INFO 76420 --- [http-nio-8081-exec-4] b.c.c.V.a.c.V1.PatientControllerV1       : Fetching details of patient with ID: 1
2024-04-30T10:24:30.222-03:00  INFO 76420 --- [http-nio-8081-exec-4] b.c.c.V.a.c.V1.PatientControllerV1       : Details of patient with ID 1 fetched successfully.
2024-04-30T10:24:30.260-03:00  INFO 76420 --- [http-nio-8081-exec-5] b.c.c.V.a.c.V1.PatientControllerV1       : Disabling patient with ID: 1
2024-04-30T10:24:30.269-03:00  INFO 76420 --- [http-nio-8081-exec-5] b.c.c.V.a.c.V1.PatientControllerV1       : Patient with ID 1 disabled successfully.
2024-04-30T10:24:30.301-03:00  INFO 76420 --- [http-nio-8081-exec-6] b.c.c.V.a.c.V1.PatientControllerV1       : Fetching details of patient with ID: 1
2024-04-30T10:24:30.305-03:00  INFO 76420 --- [http-nio-8081-exec-6] b.c.c.V.a.c.V1.PatientControllerV1       : Details of patient with ID 1 fetched successfully.
2024-04-30T10:24:30.341-03:00  INFO 76420 --- [http-nio-8081-exec-7] b.c.c.V.a.c.V1.PatientControllerV1       : Registering new patient...
2024-04-30T10:24:30.343-03:00  INFO 76420 --- [http-nio-8081-exec-7] b.c.c.V.a.c.V1.PatientControllerV1       : New patient registered with ID: 2
2024-04-30T10:24:30.374-03:00  INFO 76420 --- [http-nio-8081-exec-8] b.c.c.V.a.c.V1.PatientControllerV1       : Registering new patient...
2024-04-30T10:24:30.378-03:00  INFO 76420 --- [http-nio-8081-exec-8] b.c.c.V.a.c.V1.PatientControllerV1       : New patient registered with ID: 3
2024-04-30T10:24:30.412-03:00  INFO 76420 --- [http-nio-8081-exec-9] b.c.c.V.a.c.V1.PatientControllerV1       : Registering new patient...
2024-04-30T10:24:30.415-03:00  INFO 76420 --- [http-nio-8081-exec-9] b.c.c.V.a.c.V1.PatientControllerV1       : New patient registered with ID: 4
2024-04-30T10:24:30.447-03:00  INFO 76420 --- [http-nio-8081-exec-10] b.c.c.V.a.c.V1.PatientControllerV1       : Registering new patient...
2024-04-30T10:24:30.450-03:00  INFO 76420 --- [http-nio-8081-exec-10] b.c.c.V.a.c.V1.PatientControllerV1       : New patient registered with ID: 5
2024-04-30T10:24:30.485-03:00  INFO 76420 --- [http-nio-8081-exec-1] b.c.c.V.a.c.V1.PatientControllerV1       : Registering new patient...
2024-04-30T10:24:30.489-03:00  INFO 76420 --- [http-nio-8081-exec-1] b.c.c.V.a.c.V1.PatientControllerV1       : New patient registered with ID: 6
2024-04-30T10:24:30.521-03:00  INFO 76420 --- [http-nio-8081-exec-2] b.c.c.V.a.c.V1.PatientControllerV1       : Registering new patient...
2024-04-30T10:24:30.524-03:00  INFO 76420 --- [http-nio-8081-exec-2] b.c.c.V.a.c.V1.PatientControllerV1       : New patient registered with ID: 7
2024-04-30T10:24:30.551-03:00  INFO 76420 --- [http-nio-8081-exec-3] b.c.c.V.a.c.V1.PatientControllerV1       : Registering new patient...
2024-04-30T10:24:30.554-03:00  INFO 76420 --- [http-nio-8081-exec-3] b.c.c.V.a.c.V1.PatientControllerV1       : New patient registered with ID: 8
2024-04-30T10:24:30.587-03:00  INFO 76420 --- [http-nio-8081-exec-4] b.c.c.V.a.c.V1.PatientControllerV1       : Registering new patient...
2024-04-30T10:24:30.591-03:00  INFO 76420 --- [http-nio-8081-exec-4] b.c.c.V.a.c.V1.PatientControllerV1       : New patient registered with ID: 9
2024-04-30T10:24:30.656-03:00  INFO 76420 --- [http-nio-8081-exec-5] b.c.c.V.a.c.V1.PatientControllerV1       : Registering new patient...
2024-04-30T10:24:30.660-03:00  INFO 76420 --- [http-nio-8081-exec-5] b.c.c.V.a.c.V1.PatientControllerV1       : New patient registered with ID: 10
2024-04-30T10:24:30.722-03:00  INFO 76420 --- [http-nio-8081-exec-1] b.c.c.V.a.c.V1.PatientControllerV1       : Registering new patient...
2024-04-30T10:24:30.725-03:00  INFO 76420 --- [http-nio-8081-exec-1] b.c.c.V.a.c.V1.PatientControllerV1       : New patient registered with ID: 11
2024-04-30T10:24:30.756-03:00  INFO 76420 --- [http-nio-8081-exec-2] b.c.c.V.a.c.V1.PatientControllerV1       : Registering new patient...
2024-04-30T10:24:30.759-03:00  INFO 76420 --- [http-nio-8081-exec-2] b.c.c.V.a.c.V1.PatientControllerV1       : New patient registered with ID: 12
2024-04-30T10:24:30.793-03:00  INFO 76420 --- [http-nio-8081-exec-3] b.c.c.V.a.c.V1.PatientControllerV1       : Registering new patient...
2024-04-30T10:24:30.797-03:00  INFO 76420 --- [http-nio-8081-exec-3] b.c.c.V.a.c.V1.PatientControllerV1       : New patient registered with ID: 13
2024-04-30T10:24:30.842-03:00  INFO 76420 --- [http-nio-8081-exec-4] b.c.c.V.a.c.V1.PatientControllerV1       : Registering new patient...
2024-04-30T10:24:30.845-03:00  INFO 76420 --- [http-nio-8081-exec-4] b.c.c.V.a.c.V1.PatientControllerV1       : New patient registered with ID: 14
2024-04-30T10:24:30.877-03:00  INFO 76420 --- [http-nio-8081-exec-7] b.c.c.V.a.c.V1.PatientControllerV1       : Registering new patient...
2024-04-30T10:24:30.881-03:00  INFO 76420 --- [http-nio-8081-exec-7] b.c.c.V.a.c.V1.PatientControllerV1       : New patient registered with ID: 15
2024-04-30T10:24:30.905-03:00  INFO 76420 --- [http-nio-8081-exec-8] b.c.c.V.a.c.V1.PatientControllerV1       : Fetching list of patients...
2024-04-30T10:24:30.926-03:00  INFO 76420 --- [http-nio-8081-exec-8] b.c.c.V.a.c.V1.PatientControllerV1       : List of patients fetched successfully.
2024-04-30T10:24:31.032-03:00  INFO 76420 --- [SpringApplicationShutdownHook] j.LocalContainerEntityManagerFactoryBean : Closing JPA EntityManagerFactory for persistence unit 'default'
2024-04-30T10:24:31.036-03:00  INFO 76420 --- [SpringApplicationShutdownHook] com.zaxxer.hikari.HikariDataSource       : HikariPool-1 - Shutdown initiated...
2024-04-30T10:24:31.138-03:00  INFO 76420 --- [SpringApplicationShutdownHook] com.zaxxer.hikari.HikariDataSource       : HikariPool-1 - Shutdown completed.
2024-04-30T10:45:24.440-03:00  INFO 79095 --- [restartedMain] br.com.cepedi.Voll.api.Application       : Starting Application using Java 17.0.9 with PID 79095 (/home/joao/residencia18/java-avancado/Aula-15/Project-Voll/Voll.med/target/classes started by joao in /home/joao/residencia18/java-avancado/Aula-15/Project-Voll/Voll.med)
2024-04-30T10:45:24.445-03:00  INFO 79095 --- [restartedMain] br.com.cepedi.Voll.api.Application       : No active profile set, falling back to 1 default profile: "default"
2024-04-30T10:45:24.526-03:00  INFO 79095 --- [restartedMain] .e.DevToolsPropertyDefaultsPostProcessor : Devtools property defaults active! Set 'spring.devtools.add-properties' to 'false' to disable
2024-04-30T10:45:24.526-03:00  INFO 79095 --- [restartedMain] .e.DevToolsPropertyDefaultsPostProcessor : For additional web related logging consider setting the 'logging.level.web' property to 'DEBUG'
2024-04-30T10:45:25.929-03:00  INFO 79095 --- [restartedMain] .s.d.r.c.RepositoryConfigurationDelegate : Bootstrapping Spring Data JPA repositories in DEFAULT mode.
2024-04-30T10:45:26.061-03:00  INFO 79095 --- [restartedMain] .s.d.r.c.RepositoryConfigurationDelegate : Finished Spring Data repository scanning in 121 ms. Found 4 JPA repository interfaces.
2024-04-30T10:45:26.994-03:00  INFO 79095 --- [restartedMain] o.s.b.w.embedded.tomcat.TomcatWebServer  : Tomcat initialized with port 8080 (http)
2024-04-30T10:45:27.010-03:00  INFO 79095 --- [restartedMain] o.apache.catalina.core.StandardService   : Starting service [Tomcat]
2024-04-30T10:45:27.011-03:00  INFO 79095 --- [restartedMain] o.apache.catalina.core.StandardEngine    : Starting Servlet engine: [Apache Tomcat/10.1.19]
2024-04-30T10:45:27.076-03:00  INFO 79095 --- [restartedMain] o.a.c.c.C.[Tomcat].[localhost].[/]       : Initializing Spring embedded WebApplicationContext
2024-04-30T10:45:27.077-03:00  INFO 79095 --- [restartedMain] w.s.c.ServletWebServerApplicationContext : Root WebApplicationContext: initialization completed in 2550 ms
2024-04-30T10:45:27.214-03:00  INFO 79095 --- [restartedMain] com.zaxxer.hikari.HikariDataSource       : HikariPool-1 - Starting...
2024-04-30T10:45:27.642-03:00  INFO 79095 --- [restartedMain] com.zaxxer.hikari.pool.HikariPool        : HikariPool-1 - Added connection com.mysql.cj.jdbc.ConnectionImpl@27959b5f
2024-04-30T10:45:27.644-03:00  INFO 79095 --- [restartedMain] com.zaxxer.hikari.HikariDataSource       : HikariPool-1 - Start completed.
2024-04-30T10:45:27.768-03:00  INFO 79095 --- [restartedMain] o.f.c.internal.license.VersionPrinter    : Flyway Community Edition 9.22.3 by Redgate
2024-04-30T10:45:27.768-03:00  INFO 79095 --- [restartedMain] o.f.c.internal.license.VersionPrinter    : See release notes here: https://rd.gt/416ObMi
2024-04-30T10:45:27.768-03:00  INFO 79095 --- [restartedMain] o.f.c.internal.license.VersionPrinter    : 
2024-04-30T10:45:27.794-03:00  INFO 79095 --- [restartedMain] org.flywaydb.core.FlywayExecutor         : Database: jdbc:mysql://localhost:3306/vollmed_api (MySQL 8.0)
2024-04-30T10:45:27.839-03:00  INFO 79095 --- [restartedMain] o.f.c.i.s.JdbcTableSchemaHistory         : Schema history table `vollmed_api`.`flyway_schema_history` does not exist yet
2024-04-30T10:45:27.845-03:00  INFO 79095 --- [restartedMain] o.f.core.internal.command.DbValidate     : Successfully validated 8 migrations (execution time 00:00.025s)
2024-04-30T10:45:27.871-03:00  INFO 79095 --- [restartedMain] o.f.c.i.s.JdbcTableSchemaHistory         : Creating Schema History table `vollmed_api`.`flyway_schema_history` ...
2024-04-30T10:45:27.946-03:00  INFO 79095 --- [restartedMain] o.f.core.internal.command.DbMigrate      : Current version of schema `vollmed_api`: << Empty Schema >>
2024-04-30T10:45:27.965-03:00  INFO 79095 --- [restartedMain] o.f.core.internal.command.DbMigrate      : Migrating schema `vollmed_api` to version "1 - create-table-doctors"
2024-04-30T10:45:28.039-03:00  INFO 79095 --- [restartedMain] o.f.core.internal.command.DbMigrate      : Migrating schema `vollmed_api` to version "2 - alter-table-doctors-add-column-phone-number"
2024-04-30T10:45:28.092-03:00  INFO 79095 --- [restartedMain] o.f.core.internal.command.DbMigrate      : Migrating schema `vollmed_api` to version "3 - alter-table-doctors-add-column-activated"
2024-04-30T10:45:28.165-03:00  INFO 79095 --- [restartedMain] o.f.core.internal.command.DbMigrate      : Migrating schema `vollmed_api` to version "4 - create-table-patients"
2024-04-30T10:45:28.234-03:00  INFO 79095 --- [restartedMain] o.f.core.internal.command.DbMigrate      : Migrating schema `vollmed_api` to version "5 - alter-table-patients-add-column-activated"
2024-04-30T10:45:28.287-03:00  INFO 79095 --- [restartedMain] o.f.core.internal.command.DbMigrate      : Migrating schema `vollmed_api` to version "6 - create-table-users"
2024-04-30T10:45:28.335-03:00  INFO 79095 --- [restartedMain] o.f.core.internal.command.DbMigrate      : Migrating schema `vollmed_api` to version "7 - create-table-appointments"
2024-04-30T10:45:28.380-03:00  INFO 79095 --- [restartedMain] o.f.core.internal.command.DbMigrate      : Migrating schema `vollmed_api` to version "8 - alter-table-appointments-add-column-reason-cancel"
2024-04-30T10:45:28.417-03:00  INFO 79095 --- [restartedMain] o.f.core.internal.command.DbMigrate      : Successfully applied 8 migrations to schema `vollmed_api`, now at version v8 (execution time 00:00.184s)
2024-04-30T10:45:28.538-03:00  INFO 79095 --- [restartedMain] o.hibernate.jpa.internal.util.LogHelper  : HHH000204: Processing PersistenceUnitInfo [name: default]
2024-04-30T10:45:28.607-03:00  INFO 79095 --- [restartedMain] org.hibernate.Version                    : HHH000412: Hibernate ORM core version 6.4.4.Final
2024-04-30T10:45:28.647-03:00  INFO 79095 --- [restartedMain] o.h.c.internal.RegionFactoryInitiator    : HHH000026: Second-level cache disabled
2024-04-30T10:45:28.893-03:00  INFO 79095 --- [restartedMain] o.s.o.j.p.SpringPersistenceUnitInfo      : No LoadTimeWeaver setup: ignoring JPA class transformer
2024-04-30T10:45:30.227-03:00  INFO 79095 --- [restartedMain] o.h.e.t.j.p.i.JtaPlatformInitiator       : HHH000489: No JTA platform available (set 'hibernate.transaction.jta.platform' to enable JTA platform integration)
2024-04-30T10:45:30.235-03:00  INFO 79095 --- [restartedMain] j.LocalContainerEntityManagerFactoryBean : Initialized JPA EntityManagerFactory for persistence unit 'default'
2024-04-30T10:45:30.744-03:00  INFO 79095 --- [restartedMain] o.s.d.j.r.query.QueryEnhancerFactory     : Hibernate is in classpath; If applicable, HQL parser will be used.
2024-04-30T10:45:32.152-03:00  WARN 79095 --- [restartedMain] JpaBaseConfiguration$JpaWebConfiguration : spring.jpa.open-in-view is enabled by default. Therefore, database queries may be performed during view rendering. Explicitly configure spring.jpa.open-in-view to disable this warning
2024-04-30T10:45:33.292-03:00  INFO 79095 --- [restartedMain] o.s.s.web.DefaultSecurityFilterChain     : Will secure any request with [org.springframework.security.web.session.DisableEncodeUrlFilter@7e464c05, org.springframework.security.web.context.request.async.WebAsyncManagerIntegrationFilter@619b0565, org.springframework.security.web.context.SecurityContextHolderFilter@6416d0d, org.springframework.security.web.header.HeaderWriterFilter@7fe02f43, org.springframework.web.filter.CorsFilter@59cc62b8, org.springframework.security.web.authentication.logout.LogoutFilter@22fc897d, br.com.cepedi.Voll.api.security.infra.SecurityFilter@23dd8171, org.springframework.security.web.savedrequest.RequestCacheAwareFilter@1be1fd5d, org.springframework.security.web.servletapi.SecurityContextHolderAwareRequestFilter@6bd5ab75, org.springframework.security.web.authentication.AnonymousAuthenticationFilter@318f9a82, org.springframework.security.web.session.SessionManagementFilter@5822ac34, org.springframework.security.web.access.ExceptionTranslationFilter@3bffa50f, org.springframework.security.web.access.intercept.AuthorizationFilter@e3e42c]
2024-04-30T10:45:33.712-03:00  INFO 79095 --- [restartedMain] o.s.b.d.a.OptionalLiveReloadServer       : LiveReload server is running on port 35729
2024-04-30T10:45:33.760-03:00  INFO 79095 --- [restartedMain] o.s.b.w.embedded.tomcat.TomcatWebServer  : Tomcat started on port 8080 (http) with context path ''
2024-04-30T10:45:33.778-03:00  INFO 79095 --- [restartedMain] br.com.cepedi.Voll.api.Application       : Started Application in 9.908 seconds (process running for 10.567)
2024-04-30T10:47:14.347-03:00  INFO 79095 --- [http-nio-8080-exec-1] o.a.c.c.C.[Tomcat].[localhost].[/]       : Initializing Spring DispatcherServlet 'dispatcherServlet'
2024-04-30T10:47:14.347-03:00  INFO 79095 --- [http-nio-8080-exec-1] o.s.web.servlet.DispatcherServlet        : Initializing Servlet 'dispatcherServlet'
2024-04-30T10:47:14.349-03:00  INFO 79095 --- [http-nio-8080-exec-1] o.s.web.servlet.DispatcherServlet        : Completed initialization in 1 ms
2024-04-30T10:49:55.156-03:00  INFO 79095 --- [SpringApplicationShutdownHook] j.LocalContainerEntityManagerFactoryBean : Closing JPA EntityManagerFactory for persistence unit 'default'
2024-04-30T10:49:55.162-03:00  INFO 79095 --- [SpringApplicationShutdownHook] com.zaxxer.hikari.HikariDataSource       : HikariPool-1 - Shutdown initiated...
2024-04-30T10:49:55.174-03:00  INFO 79095 --- [SpringApplicationShutdownHook] com.zaxxer.hikari.HikariDataSource       : HikariPool-1 - Shutdown completed.
2024-04-30T10:49:59.452-03:00  INFO 79837 --- [restartedMain] br.com.cepedi.Voll.api.Application       : Starting Application using Java 17.0.9 with PID 79837 (/home/joao/residencia18/java-avancado/Aula-15/Project-Voll/Voll.med/target/classes started by joao in /home/joao/residencia18/java-avancado/Aula-15/Project-Voll/Voll.med)
2024-04-30T10:49:59.456-03:00  INFO 79837 --- [restartedMain] br.com.cepedi.Voll.api.Application       : No active profile set, falling back to 1 default profile: "default"
2024-04-30T10:49:59.533-03:00  INFO 79837 --- [restartedMain] .e.DevToolsPropertyDefaultsPostProcessor : Devtools property defaults active! Set 'spring.devtools.add-properties' to 'false' to disable
2024-04-30T10:49:59.533-03:00  INFO 79837 --- [restartedMain] .e.DevToolsPropertyDefaultsPostProcessor : For additional web related logging consider setting the 'logging.level.web' property to 'DEBUG'
2024-04-30T10:50:01.045-03:00  INFO 79837 --- [restartedMain] .s.d.r.c.RepositoryConfigurationDelegate : Bootstrapping Spring Data JPA repositories in DEFAULT mode.
2024-04-30T10:50:01.165-03:00  INFO 79837 --- [restartedMain] .s.d.r.c.RepositoryConfigurationDelegate : Finished Spring Data repository scanning in 111 ms. Found 4 JPA repository interfaces.
2024-04-30T10:50:02.289-03:00  INFO 79837 --- [restartedMain] o.s.b.w.embedded.tomcat.TomcatWebServer  : Tomcat initialized with port 8080 (http)
2024-04-30T10:50:02.303-03:00  INFO 79837 --- [restartedMain] o.apache.catalina.core.StandardService   : Starting service [Tomcat]
2024-04-30T10:50:02.304-03:00  INFO 79837 --- [restartedMain] o.apache.catalina.core.StandardEngine    : Starting Servlet engine: [Apache Tomcat/10.1.19]
2024-04-30T10:50:02.383-03:00  INFO 79837 --- [restartedMain] o.a.c.c.C.[Tomcat].[localhost].[/]       : Initializing Spring embedded WebApplicationContext
2024-04-30T10:50:02.384-03:00  INFO 79837 --- [restartedMain] w.s.c.ServletWebServerApplicationContext : Root WebApplicationContext: initialization completed in 2850 ms
2024-04-30T10:50:02.519-03:00  INFO 79837 --- [restartedMain] com.zaxxer.hikari.HikariDataSource       : HikariPool-1 - Starting...
2024-04-30T10:50:02.942-03:00  INFO 79837 --- [restartedMain] com.zaxxer.hikari.pool.HikariPool        : HikariPool-1 - Added connection com.mysql.cj.jdbc.ConnectionImpl@4867a429
2024-04-30T10:50:02.945-03:00  INFO 79837 --- [restartedMain] com.zaxxer.hikari.HikariDataSource       : HikariPool-1 - Start completed.
2024-04-30T10:50:03.051-03:00  INFO 79837 --- [restartedMain] o.f.c.internal.license.VersionPrinter    : Flyway Community Edition 9.22.3 by Redgate
2024-04-30T10:50:03.052-03:00  INFO 79837 --- [restartedMain] o.f.c.internal.license.VersionPrinter    : See release notes here: https://rd.gt/416ObMi
2024-04-30T10:50:03.052-03:00  INFO 79837 --- [restartedMain] o.f.c.internal.license.VersionPrinter    : 
2024-04-30T10:50:03.078-03:00  INFO 79837 --- [restartedMain] org.flywaydb.core.FlywayExecutor         : Database: jdbc:mysql://localhost:3306/vollmed_api (MySQL 8.0)
2024-04-30T10:50:03.149-03:00  INFO 79837 --- [restartedMain] o.f.core.internal.command.DbValidate     : Successfully validated 8 migrations (execution time 00:00.041s)
2024-04-30T10:50:03.179-03:00  INFO 79837 --- [restartedMain] o.f.core.internal.command.DbMigrate      : Current version of schema `vollmed_api`: 8
2024-04-30T10:50:03.185-03:00  INFO 79837 --- [restartedMain] o.f.core.internal.command.DbMigrate      : Schema `vollmed_api` is up to date. No migration necessary.
2024-04-30T10:50:03.329-03:00  INFO 79837 --- [restartedMain] o.hibernate.jpa.internal.util.LogHelper  : HHH000204: Processing PersistenceUnitInfo [name: default]
2024-04-30T10:50:03.421-03:00  INFO 79837 --- [restartedMain] org.hibernate.Version                    : HHH000412: Hibernate ORM core version 6.4.4.Final
2024-04-30T10:50:03.469-03:00  INFO 79837 --- [restartedMain] o.h.c.internal.RegionFactoryInitiator    : HHH000026: Second-level cache disabled
2024-04-30T10:50:03.721-03:00  INFO 79837 --- [restartedMain] o.s.o.j.p.SpringPersistenceUnitInfo      : No LoadTimeWeaver setup: ignoring JPA class transformer
2024-04-30T10:50:04.954-03:00  INFO 79837 --- [restartedMain] o.h.e.t.j.p.i.JtaPlatformInitiator       : HHH000489: No JTA platform available (set 'hibernate.transaction.jta.platform' to enable JTA platform integration)
2024-04-30T10:50:04.959-03:00  INFO 79837 --- [restartedMain] j.LocalContainerEntityManagerFactoryBean : Initialized JPA EntityManagerFactory for persistence unit 'default'
2024-04-30T10:50:05.451-03:00  INFO 79837 --- [restartedMain] o.s.d.j.r.query.QueryEnhancerFactory     : Hibernate is in classpath; If applicable, HQL parser will be used.
2024-04-30T10:50:06.989-03:00  WARN 79837 --- [restartedMain] JpaBaseConfiguration$JpaWebConfiguration : spring.jpa.open-in-view is enabled by default. Therefore, database queries may be performed during view rendering. Explicitly configure spring.jpa.open-in-view to disable this warning
2024-04-30T10:50:08.152-03:00  INFO 79837 --- [restartedMain] o.s.s.web.DefaultSecurityFilterChain     : Will secure any request with [org.springframework.security.web.session.DisableEncodeUrlFilter@6f494c7c, org.springframework.security.web.context.request.async.WebAsyncManagerIntegrationFilter@43c039e7, org.springframework.security.web.context.SecurityContextHolderFilter@4c7bb165, org.springframework.security.web.header.HeaderWriterFilter@389f3288, org.springframework.web.filter.CorsFilter@7021c616, org.springframework.security.web.authentication.logout.LogoutFilter@1897630f, br.com.cepedi.Voll.api.security.infra.SecurityFilter@2b8a55e2, org.springframework.security.web.savedrequest.RequestCacheAwareFilter@7b1c2db, org.springframework.security.web.servletapi.SecurityContextHolderAwareRequestFilter@7410f389, org.springframework.security.web.authentication.AnonymousAuthenticationFilter@1dd96b60, org.springframework.security.web.session.SessionManagementFilter@1a3d9938, org.springframework.security.web.access.ExceptionTranslationFilter@64e80361, org.springframework.security.web.access.intercept.AuthorizationFilter@4d0c252f]
2024-04-30T10:50:08.587-03:00  INFO 79837 --- [restartedMain] o.s.b.d.a.OptionalLiveReloadServer       : LiveReload server is running on port 35729
2024-04-30T10:50:08.637-03:00  INFO 79837 --- [restartedMain] o.s.b.w.embedded.tomcat.TomcatWebServer  : Tomcat started on port 8080 (http) with context path ''
2024-04-30T10:50:08.654-03:00  INFO 79837 --- [restartedMain] br.com.cepedi.Voll.api.Application       : Started Application in 9.866 seconds (process running for 10.582)
2024-04-30T10:50:20.246-03:00  INFO 79837 --- [http-nio-8080-exec-1] o.a.c.c.C.[Tomcat].[localhost].[/]       : Initializing Spring DispatcherServlet 'dispatcherServlet'
2024-04-30T10:50:20.247-03:00  INFO 79837 --- [http-nio-8080-exec-1] o.s.web.servlet.DispatcherServlet        : Initializing Servlet 'dispatcherServlet'
2024-04-30T10:50:20.249-03:00  INFO 79837 --- [http-nio-8080-exec-1] o.s.web.servlet.DispatcherServlet        : Completed initialization in 1 ms
2024-04-30T10:54:18.810-03:00  INFO 79837 --- [SpringApplicationShutdownHook] j.LocalContainerEntityManagerFactoryBean : Closing JPA EntityManagerFactory for persistence unit 'default'
2024-04-30T10:54:18.816-03:00  INFO 79837 --- [SpringApplicationShutdownHook] com.zaxxer.hikari.HikariDataSource       : HikariPool-1 - Shutdown initiated...
2024-04-30T10:54:18.826-03:00  INFO 79837 --- [SpringApplicationShutdownHook] com.zaxxer.hikari.HikariDataSource       : HikariPool-1 - Shutdown completed.
2024-04-30T10:54:22.565-03:00  INFO 80473 --- [restartedMain] br.com.cepedi.Voll.api.Application       : Starting Application using Java 17.0.9 with PID 80473 (/home/joao/residencia18/java-avancado/Aula-15/Project-Voll/Voll.med/target/classes started by joao in /home/joao/residencia18/java-avancado/Aula-15/Project-Voll/Voll.med)
2024-04-30T10:54:22.568-03:00  INFO 80473 --- [restartedMain] br.com.cepedi.Voll.api.Application       : No active profile set, falling back to 1 default profile: "default"
2024-04-30T10:54:22.644-03:00  INFO 80473 --- [restartedMain] .e.DevToolsPropertyDefaultsPostProcessor : Devtools property defaults active! Set 'spring.devtools.add-properties' to 'false' to disable
2024-04-30T10:54:22.645-03:00  INFO 80473 --- [restartedMain] .e.DevToolsPropertyDefaultsPostProcessor : For additional web related logging consider setting the 'logging.level.web' property to 'DEBUG'
2024-04-30T10:54:23.813-03:00  INFO 80473 --- [restartedMain] .s.d.r.c.RepositoryConfigurationDelegate : Bootstrapping Spring Data JPA repositories in DEFAULT mode.
2024-04-30T10:54:23.931-03:00  INFO 80473 --- [restartedMain] .s.d.r.c.RepositoryConfigurationDelegate : Finished Spring Data repository scanning in 106 ms. Found 4 JPA repository interfaces.
2024-04-30T10:54:24.882-03:00  INFO 80473 --- [restartedMain] o.s.b.w.embedded.tomcat.TomcatWebServer  : Tomcat initialized with port 8080 (http)
2024-04-30T10:54:24.898-03:00  INFO 80473 --- [restartedMain] o.apache.catalina.core.StandardService   : Starting service [Tomcat]
2024-04-30T10:54:24.898-03:00  INFO 80473 --- [restartedMain] o.apache.catalina.core.StandardEngine    : Starting Servlet engine: [Apache Tomcat/10.1.19]
2024-04-30T10:54:24.962-03:00  INFO 80473 --- [restartedMain] o.a.c.c.C.[Tomcat].[localhost].[/]       : Initializing Spring embedded WebApplicationContext
2024-04-30T10:54:24.963-03:00  INFO 80473 --- [restartedMain] w.s.c.ServletWebServerApplicationContext : Root WebApplicationContext: initialization completed in 2317 ms
2024-04-30T10:54:25.114-03:00  INFO 80473 --- [restartedMain] com.zaxxer.hikari.HikariDataSource       : HikariPool-1 - Starting...
2024-04-30T10:54:25.497-03:00  INFO 80473 --- [restartedMain] com.zaxxer.hikari.pool.HikariPool        : HikariPool-1 - Added connection com.mysql.cj.jdbc.ConnectionImpl@4efd625
2024-04-30T10:54:25.499-03:00  INFO 80473 --- [restartedMain] com.zaxxer.hikari.HikariDataSource       : HikariPool-1 - Start completed.
2024-04-30T10:54:25.602-03:00  INFO 80473 --- [restartedMain] o.f.c.internal.license.VersionPrinter    : Flyway Community Edition 9.22.3 by Redgate
2024-04-30T10:54:25.603-03:00  INFO 80473 --- [restartedMain] o.f.c.internal.license.VersionPrinter    : See release notes here: https://rd.gt/416ObMi
2024-04-30T10:54:25.603-03:00  INFO 80473 --- [restartedMain] o.f.c.internal.license.VersionPrinter    : 
2024-04-30T10:54:25.629-03:00  INFO 80473 --- [restartedMain] org.flywaydb.core.FlywayExecutor         : Database: jdbc:mysql://localhost:3306/vollmed_api (MySQL 8.0)
2024-04-30T10:54:25.705-03:00  INFO 80473 --- [restartedMain] o.f.core.internal.command.DbValidate     : Successfully validated 8 migrations (execution time 00:00.047s)
2024-04-30T10:54:25.743-03:00  INFO 80473 --- [restartedMain] o.f.core.internal.command.DbMigrate      : Current version of schema `vollmed_api`: 8
2024-04-30T10:54:25.751-03:00  INFO 80473 --- [restartedMain] o.f.core.internal.command.DbMigrate      : Schema `vollmed_api` is up to date. No migration necessary.
2024-04-30T10:54:25.904-03:00  INFO 80473 --- [restartedMain] o.hibernate.jpa.internal.util.LogHelper  : HHH000204: Processing PersistenceUnitInfo [name: default]
2024-04-30T10:54:25.980-03:00  INFO 80473 --- [restartedMain] org.hibernate.Version                    : HHH000412: Hibernate ORM core version 6.4.4.Final
2024-04-30T10:54:26.026-03:00  INFO 80473 --- [restartedMain] o.h.c.internal.RegionFactoryInitiator    : HHH000026: Second-level cache disabled
2024-04-30T10:54:26.311-03:00  INFO 80473 --- [restartedMain] o.s.o.j.p.SpringPersistenceUnitInfo      : No LoadTimeWeaver setup: ignoring JPA class transformer
2024-04-30T10:54:27.444-03:00  INFO 80473 --- [restartedMain] o.h.e.t.j.p.i.JtaPlatformInitiator       : HHH000489: No JTA platform available (set 'hibernate.transaction.jta.platform' to enable JTA platform integration)
2024-04-30T10:54:27.448-03:00  INFO 80473 --- [restartedMain] j.LocalContainerEntityManagerFactoryBean : Initialized JPA EntityManagerFactory for persistence unit 'default'
2024-04-30T10:54:27.992-03:00  INFO 80473 --- [restartedMain] o.s.d.j.r.query.QueryEnhancerFactory     : Hibernate is in classpath; If applicable, HQL parser will be used.
2024-04-30T10:54:29.238-03:00  WARN 80473 --- [restartedMain] JpaBaseConfiguration$JpaWebConfiguration : spring.jpa.open-in-view is enabled by default. Therefore, database queries may be performed during view rendering. Explicitly configure spring.jpa.open-in-view to disable this warning
2024-04-30T10:54:30.354-03:00  INFO 80473 --- [restartedMain] o.s.s.web.DefaultSecurityFilterChain     : Will secure any request with [org.springframework.security.web.session.DisableEncodeUrlFilter@2a246606, org.springframework.security.web.context.request.async.WebAsyncManagerIntegrationFilter@7e6ee756, org.springframework.security.web.context.SecurityContextHolderFilter@732d1d5a, org.springframework.security.web.header.HeaderWriterFilter@3af9058b, org.springframework.web.filter.CorsFilter@889f9d9, org.springframework.security.web.authentication.logout.LogoutFilter@55271644, br.com.cepedi.Voll.api.security.infra.SecurityFilter@4ff483a6, org.springframework.security.web.savedrequest.RequestCacheAwareFilter@1d8b2da3, org.springframework.security.web.servletapi.SecurityContextHolderAwareRequestFilter@1f8ec95c, org.springframework.security.web.authentication.AnonymousAuthenticationFilter@14fe29d3, org.springframework.security.web.session.SessionManagementFilter@27335921, org.springframework.security.web.access.ExceptionTranslationFilter@31884b57, org.springframework.security.web.access.intercept.AuthorizationFilter@27ce6a0e]
2024-04-30T10:54:30.795-03:00  INFO 80473 --- [restartedMain] o.s.b.d.a.OptionalLiveReloadServer       : LiveReload server is running on port 35729
2024-04-30T10:54:30.837-03:00  INFO 80473 --- [restartedMain] o.s.b.w.embedded.tomcat.TomcatWebServer  : Tomcat started on port 8080 (http) with context path ''
2024-04-30T10:54:30.854-03:00  INFO 80473 --- [restartedMain] br.com.cepedi.Voll.api.Application       : Started Application in 8.85 seconds (process running for 9.439)
2024-04-30T10:54:31.229-03:00  INFO 80473 --- [http-nio-8080-exec-1] o.a.c.c.C.[Tomcat].[localhost].[/]       : Initializing Spring DispatcherServlet 'dispatcherServlet'
2024-04-30T10:54:31.229-03:00  INFO 80473 --- [http-nio-8080-exec-1] o.s.web.servlet.DispatcherServlet        : Initializing Servlet 'dispatcherServlet'
2024-04-30T10:54:31.233-03:00  INFO 80473 --- [http-nio-8080-exec-1] o.s.web.servlet.DispatcherServlet        : Completed initialization in 2 ms
2024-04-30T11:01:11.611-03:00  INFO 80473 --- [SpringApplicationShutdownHook] j.LocalContainerEntityManagerFactoryBean : Closing JPA EntityManagerFactory for persistence unit 'default'
2024-04-30T11:01:11.616-03:00  INFO 80473 --- [SpringApplicationShutdownHook] com.zaxxer.hikari.HikariDataSource       : HikariPool-1 - Shutdown initiated...
2024-04-30T11:01:11.627-03:00  INFO 80473 --- [SpringApplicationShutdownHook] com.zaxxer.hikari.HikariDataSource       : HikariPool-1 - Shutdown completed.
2024-04-30T11:01:16.136-03:00  INFO 81357 --- [restartedMain] br.com.cepedi.Voll.api.Application       : Starting Application using Java 17.0.9 with PID 81357 (/home/joao/residencia18/java-avancado/Aula-15/Project-Voll/Voll.med/target/classes started by joao in /home/joao/residencia18/java-avancado/Aula-15/Project-Voll/Voll.med)
2024-04-30T11:01:16.140-03:00  INFO 81357 --- [restartedMain] br.com.cepedi.Voll.api.Application       : No active profile set, falling back to 1 default profile: "default"
2024-04-30T11:01:16.213-03:00  INFO 81357 --- [restartedMain] .e.DevToolsPropertyDefaultsPostProcessor : Devtools property defaults active! Set 'spring.devtools.add-properties' to 'false' to disable
2024-04-30T11:01:16.214-03:00  INFO 81357 --- [restartedMain] .e.DevToolsPropertyDefaultsPostProcessor : For additional web related logging consider setting the 'logging.level.web' property to 'DEBUG'
2024-04-30T11:01:17.436-03:00  INFO 81357 --- [restartedMain] .s.d.r.c.RepositoryConfigurationDelegate : Bootstrapping Spring Data JPA repositories in DEFAULT mode.
2024-04-30T11:01:17.553-03:00  INFO 81357 --- [restartedMain] .s.d.r.c.RepositoryConfigurationDelegate : Finished Spring Data repository scanning in 106 ms. Found 4 JPA repository interfaces.
2024-04-30T11:01:18.414-03:00  INFO 81357 --- [restartedMain] o.s.b.w.embedded.tomcat.TomcatWebServer  : Tomcat initialized with port 8080 (http)
2024-04-30T11:01:18.428-03:00  INFO 81357 --- [restartedMain] o.apache.catalina.core.StandardService   : Starting service [Tomcat]
2024-04-30T11:01:18.428-03:00  INFO 81357 --- [restartedMain] o.apache.catalina.core.StandardEngine    : Starting Servlet engine: [Apache Tomcat/10.1.19]
2024-04-30T11:01:18.482-03:00  INFO 81357 --- [restartedMain] o.a.c.c.C.[Tomcat].[localhost].[/]       : Initializing Spring embedded WebApplicationContext
2024-04-30T11:01:18.482-03:00  INFO 81357 --- [restartedMain] w.s.c.ServletWebServerApplicationContext : Root WebApplicationContext: initialization completed in 2268 ms
2024-04-30T11:01:18.606-03:00  INFO 81357 --- [restartedMain] com.zaxxer.hikari.HikariDataSource       : HikariPool-1 - Starting...
2024-04-30T11:01:19.000-03:00  INFO 81357 --- [restartedMain] com.zaxxer.hikari.pool.HikariPool        : HikariPool-1 - Added connection com.mysql.cj.jdbc.ConnectionImpl@c7e4d54
2024-04-30T11:01:19.001-03:00  INFO 81357 --- [restartedMain] com.zaxxer.hikari.HikariDataSource       : HikariPool-1 - Start completed.
2024-04-30T11:01:19.107-03:00  INFO 81357 --- [restartedMain] o.f.c.internal.license.VersionPrinter    : Flyway Community Edition 9.22.3 by Redgate
2024-04-30T11:01:19.107-03:00  INFO 81357 --- [restartedMain] o.f.c.internal.license.VersionPrinter    : See release notes here: https://rd.gt/416ObMi
2024-04-30T11:01:19.107-03:00  INFO 81357 --- [restartedMain] o.f.c.internal.license.VersionPrinter    : 
2024-04-30T11:01:19.129-03:00  INFO 81357 --- [restartedMain] org.flywaydb.core.FlywayExecutor         : Database: jdbc:mysql://localhost:3306/vollmed_api (MySQL 8.0)
2024-04-30T11:01:19.186-03:00  INFO 81357 --- [restartedMain] o.f.core.internal.command.DbValidate     : Successfully validated 8 migrations (execution time 00:00.033s)
2024-04-30T11:01:19.211-03:00  INFO 81357 --- [restartedMain] o.f.core.internal.command.DbMigrate      : Current version of schema `vollmed_api`: 8
2024-04-30T11:01:19.216-03:00  INFO 81357 --- [restartedMain] o.f.core.internal.command.DbMigrate      : Schema `vollmed_api` is up to date. No migration necessary.
2024-04-30T11:01:19.349-03:00  INFO 81357 --- [restartedMain] o.hibernate.jpa.internal.util.LogHelper  : HHH000204: Processing PersistenceUnitInfo [name: default]
2024-04-30T11:01:19.437-03:00  INFO 81357 --- [restartedMain] org.hibernate.Version                    : HHH000412: Hibernate ORM core version 6.4.4.Final
2024-04-30T11:01:19.482-03:00  INFO 81357 --- [restartedMain] o.h.c.internal.RegionFactoryInitiator    : HHH000026: Second-level cache disabled
2024-04-30T11:01:19.766-03:00  INFO 81357 --- [restartedMain] o.s.o.j.p.SpringPersistenceUnitInfo      : No LoadTimeWeaver setup: ignoring JPA class transformer
2024-04-30T11:01:20.931-03:00  INFO 81357 --- [restartedMain] o.h.e.t.j.p.i.JtaPlatformInitiator       : HHH000489: No JTA platform available (set 'hibernate.transaction.jta.platform' to enable JTA platform integration)
2024-04-30T11:01:20.934-03:00  INFO 81357 --- [restartedMain] j.LocalContainerEntityManagerFactoryBean : Initialized JPA EntityManagerFactory for persistence unit 'default'
2024-04-30T11:01:21.470-03:00  INFO 81357 --- [restartedMain] o.s.d.j.r.query.QueryEnhancerFactory     : Hibernate is in classpath; If applicable, HQL parser will be used.
2024-04-30T11:01:22.877-03:00  WARN 81357 --- [restartedMain] JpaBaseConfiguration$JpaWebConfiguration : spring.jpa.open-in-view is enabled by default. Therefore, database queries may be performed during view rendering. Explicitly configure spring.jpa.open-in-view to disable this warning
2024-04-30T11:01:23.947-03:00  INFO 81357 --- [restartedMain] o.s.s.web.DefaultSecurityFilterChain     : Will secure any request with [org.springframework.security.web.session.DisableEncodeUrlFilter@4d0c252f, org.springframework.security.web.context.request.async.WebAsyncManagerIntegrationFilter@69fb553c, org.springframework.security.web.context.SecurityContextHolderFilter@1a3d9938, org.springframework.security.web.header.HeaderWriterFilter@254c34ff, org.springframework.web.filter.CorsFilter@55271644, org.springframework.security.web.authentication.logout.LogoutFilter@11328a45, br.com.cepedi.Voll.api.security.infra.SecurityFilter@78528efc, org.springframework.security.web.savedrequest.RequestCacheAwareFilter@31884b57, org.springframework.security.web.servletapi.SecurityContextHolderAwareRequestFilter@4c7bb165, org.springframework.security.web.authentication.AnonymousAuthenticationFilter@6f494c7c, org.springframework.security.web.session.SessionManagementFilter@4494822f, org.springframework.security.web.access.ExceptionTranslationFilter@318f4b76, org.springframework.security.web.access.intercept.AuthorizationFilter@1f877a88]
2024-04-30T11:01:24.307-03:00  INFO 81357 --- [restartedMain] o.s.b.d.a.OptionalLiveReloadServer       : LiveReload server is running on port 35729
2024-04-30T11:01:24.373-03:00  INFO 81357 --- [restartedMain] o.s.b.w.embedded.tomcat.TomcatWebServer  : Tomcat started on port 8080 (http) with context path ''
2024-04-30T11:01:24.393-03:00  INFO 81357 --- [restartedMain] br.com.cepedi.Voll.api.Application       : Started Application in 9.157 seconds (process running for 9.867)
2024-04-30T11:01:30.108-03:00  INFO 81357 --- [http-nio-8080-exec-1] o.a.c.c.C.[Tomcat].[localhost].[/]       : Initializing Spring DispatcherServlet 'dispatcherServlet'
2024-04-30T11:01:30.109-03:00  INFO 81357 --- [http-nio-8080-exec-1] o.s.web.servlet.DispatcherServlet        : Initializing Servlet 'dispatcherServlet'
2024-04-30T11:01:30.111-03:00  INFO 81357 --- [http-nio-8080-exec-1] o.s.web.servlet.DispatcherServlet        : Completed initialization in 2 ms
2024-04-30T11:02:30.432-03:00  INFO 81357 --- [SpringApplicationShutdownHook] j.LocalContainerEntityManagerFactoryBean : Closing JPA EntityManagerFactory for persistence unit 'default'
2024-04-30T11:02:30.438-03:00  INFO 81357 --- [SpringApplicationShutdownHook] com.zaxxer.hikari.HikariDataSource       : HikariPool-1 - Shutdown initiated...
2024-04-30T11:02:30.449-03:00  INFO 81357 --- [SpringApplicationShutdownHook] com.zaxxer.hikari.HikariDataSource       : HikariPool-1 - Shutdown completed.
