2024-05-14T08:15:40.266-03:00  INFO 32292 --- [SpringApplicationShutdownHook] j.LocalContainerEntityManagerFactoryBean : Closing JPA EntityManagerFactory for persistence unit 'default'
2024-05-14T08:15:40.296-03:00  INFO 32292 --- [SpringApplicationShutdownHook] com.zaxxer.hikari.HikariDataSource       : HikariPool-1 - Shutdown initiated...
2024-05-14T08:15:40.300-03:00  INFO 32292 --- [SpringApplicationShutdownHook] com.zaxxer.hikari.HikariDataSource       : HikariPool-1 - Shutdown completed.
2024-05-14T09:38:31.495-03:00  INFO 55717 --- [main] b.c.c.V.a.r.TestRepositoryAppointment    : Starting TestRepositoryAppointment using Java 17.0.9 with PID 55717 (started by joao in /home/joao/residencia18/java-avancado/AP002/Project-Voll/Voll.med)
2024-05-14T09:38:31.497-03:00  INFO 55717 --- [main] b.c.c.V.a.r.TestRepositoryAppointment    : The following 1 profile is active: "test"
2024-05-14T09:38:32.190-03:00  INFO 55717 --- [main] .s.d.r.c.RepositoryConfigurationDelegate : Bootstrapping Spring Data JPA repositories in DEFAULT mode.
2024-05-14T09:38:32.259-03:00  INFO 55717 --- [main] .s.d.r.c.RepositoryConfigurationDelegate : Finished Spring Data repository scanning in 62 ms. Found 5 JPA repository interfaces.
2024-05-14T09:38:32.520-03:00  INFO 55717 --- [main] com.zaxxer.hikari.HikariDataSource       : HikariPool-1 - Starting...
2024-05-14T09:38:32.870-03:00  INFO 55717 --- [main] com.zaxxer.hikari.pool.HikariPool        : HikariPool-1 - Added connection com.mysql.cj.jdbc.ConnectionImpl@73608eb0
2024-05-14T09:38:32.872-03:00  INFO 55717 --- [main] com.zaxxer.hikari.HikariDataSource       : HikariPool-1 - Start completed.
2024-05-14T09:38:32.983-03:00  INFO 55717 --- [main] o.f.c.internal.license.VersionPrinter    : Flyway Community Edition 9.22.3 by Redgate
2024-05-14T09:38:32.984-03:00  INFO 55717 --- [main] o.f.c.internal.license.VersionPrinter    : See release notes here: https://rd.gt/416ObMi
2024-05-14T09:38:32.984-03:00  INFO 55717 --- [main] o.f.c.internal.license.VersionPrinter    : 
2024-05-14T09:38:33.025-03:00  INFO 55717 --- [main] org.flywaydb.core.FlywayExecutor         : Database: jdbc:mysql://localhost:3306/vollmed_api (MySQL 8.0)
2024-05-14T09:38:33.096-03:00  INFO 55717 --- [main] o.f.core.internal.command.DbValidate     : Successfully validated 11 migrations (execution time 00:00.038s)
2024-05-14T09:38:33.121-03:00  INFO 55717 --- [main] o.f.core.internal.command.DbMigrate      : Current version of schema `vollmed_api`: 11
2024-05-14T09:38:33.127-03:00  INFO 55717 --- [main] o.f.core.internal.command.DbMigrate      : Schema `vollmed_api` is up to date. No migration necessary.
2024-05-14T09:38:33.217-03:00  INFO 55717 --- [main] o.hibernate.jpa.internal.util.LogHelper  : HHH000204: Processing PersistenceUnitInfo [name: default]
2024-05-14T09:38:33.274-03:00  INFO 55717 --- [main] org.hibernate.Version                    : HHH000412: Hibernate ORM core version 6.4.4.Final
2024-05-14T09:38:33.307-03:00  INFO 55717 --- [main] o.h.c.internal.RegionFactoryInitiator    : HHH000026: Second-level cache disabled
2024-05-14T09:38:33.545-03:00  INFO 55717 --- [main] o.s.o.j.p.SpringPersistenceUnitInfo      : No LoadTimeWeaver setup: ignoring JPA class transformer
2024-05-14T09:38:33.597-03:00  WARN 55717 --- [main] org.hibernate.orm.deprecation            : HHH90000025: MySQL8Dialect does not need to be specified explicitly using 'hibernate.dialect' (remove the property setting and it will be selected by default)
2024-05-14T09:38:33.598-03:00  WARN 55717 --- [main] org.hibernate.orm.deprecation            : HHH90000026: MySQL8Dialect has been deprecated; use org.hibernate.dialect.MySQLDialect instead
2024-05-14T09:38:34.499-03:00  INFO 55717 --- [main] o.h.e.t.j.p.i.JtaPlatformInitiator       : HHH000489: No JTA platform available (set 'hibernate.transaction.jta.platform' to enable JTA platform integration)
2024-05-14T09:38:34.594-03:00  INFO 55717 --- [main] j.LocalContainerEntityManagerFactoryBean : Initialized JPA EntityManagerFactory for persistence unit 'default'
2024-05-14T09:38:34.875-03:00  INFO 55717 --- [main] o.s.d.j.r.query.QueryEnhancerFactory     : Hibernate is in classpath; If applicable, HQL parser will be used.
2024-05-14T09:38:35.698-03:00  INFO 55717 --- [main] b.c.c.V.a.r.TestRepositoryAppointment    : Started TestRepositoryAppointment in 4.543 seconds (process running for 5.817)
2024-05-14T09:38:36.415-03:00  INFO 55717 --- [SpringApplicationShutdownHook] j.LocalContainerEntityManagerFactoryBean : Closing JPA EntityManagerFactory for persistence unit 'default'
2024-05-14T09:38:36.417-03:00  INFO 55717 --- [SpringApplicationShutdownHook] com.zaxxer.hikari.HikariDataSource       : HikariPool-1 - Shutdown initiated...
2024-05-14T09:38:36.426-03:00  INFO 55717 --- [SpringApplicationShutdownHook] com.zaxxer.hikari.HikariDataSource       : HikariPool-1 - Shutdown completed.
